20/03/2023:23:30:36 133 [SciCalculator.java] [INFO] SciCalculator [SQRT] - 25.0
20/03/2023:23:30:36 168 [SciCalculator.java] [INFO] SciCalculator [RESULT - SQRT] - 5.0
20/03/2023:23:30:36 178 [SciCalculator.java] [INFO] SciCalculator [SQRT] - 144.0
20/03/2023:23:30:36 178 [SciCalculator.java] [INFO] SciCalculator [RESULT - SQRT] - 12.0
20/03/2023:23:30:36 180 [SciCalculator.java] [INFO] SciCalculator [FACTORIAL] - 5
20/03/2023:23:30:36 180 [SciCalculator.java] [INFO] SciCalculator [RESULT - FACTORIAL] - 120
20/03/2023:23:30:36 185 [SciCalculator.java] [INFO] SciCalculator [FACTORIAL] - 5
20/03/2023:23:30:36 185 [SciCalculator.java] [INFO] SciCalculator [RESULT - FACTORIAL] - 120
20/03/2023:23:30:36 187 [SciCalculator.java] [INFO] SciCalculator [LOG] - 2.71828
20/03/2023:23:30:36 188 [SciCalculator.java] [INFO] SciCalculator [RESULT - LOG] - 0.999999327347282
20/03/2023:23:30:36 189 [SciCalculator.java] [INFO] SciCalculator [LOG] - 2.71828
20/03/2023:23:30:36 189 [SciCalculator.java] [INFO] SciCalculator [RESULT - LOG] - 0.999999327347282
20/03/2023:23:30:36 190 [SciCalculator.java] [INFO] SciCalculator [POWER] - 2.0, 5.0
20/03/2023:23:30:36 191 [SciCalculator.java] [INFO] SciCalculator [RESULT - POWER] - 32.0
20/03/2023:23:30:36 191 [SciCalculator.java] [INFO] SciCalculator [POWER] - 2.0, 5.0
20/03/2023:23:30:36 192 [SciCalculator.java] [INFO] SciCalculator [RESULT - POWER] - 32.0
21/03/2023:00:25:28 282 [SciCalculator.java] [INFO] SciCalculator [SQRT] - 25.0
21/03/2023:00:25:28 302 [SciCalculator.java] [INFO] SciCalculator [RESULT - SQRT] - 5.0
21/03/2023:00:25:28 311 [SciCalculator.java] [INFO] SciCalculator [SQRT] - 144.0
21/03/2023:00:25:28 311 [SciCalculator.java] [INFO] SciCalculator [RESULT - SQRT] - 12.0
21/03/2023:00:25:28 312 [SciCalculator.java] [INFO] SciCalculator [FACTORIAL] - 5
21/03/2023:00:25:28 313 [SciCalculator.java] [INFO] SciCalculator [RESULT - FACTORIAL] - 120
21/03/2023:00:25:28 316 [SciCalculator.java] [INFO] SciCalculator [FACTORIAL] - 5
21/03/2023:00:25:28 316 [SciCalculator.java] [INFO] SciCalculator [RESULT - FACTORIAL] - 120
21/03/2023:00:25:28 317 [SciCalculator.java] [INFO] SciCalculator [LOG] - 2.71828
21/03/2023:00:25:28 317 [SciCalculator.java] [INFO] SciCalculator [RESULT - LOG] - 0.999999327347282
21/03/2023:00:25:28 318 [SciCalculator.java] [INFO] SciCalculator [LOG] - 2.71828
21/03/2023:00:25:28 318 [SciCalculator.java] [INFO] SciCalculator [RESULT - LOG] - 0.999999327347282
21/03/2023:00:25:28 319 [SciCalculator.java] [INFO] SciCalculator [POWER] - 2.0, 5.0
21/03/2023:00:25:28 320 [SciCalculator.java] [INFO] SciCalculator [RESULT - POWER] - 32.0
21/03/2023:00:25:28 320 [SciCalculator.java] [INFO] SciCalculator [POWER] - 2.0, 5.0
21/03/2023:00:25:28 320 [SciCalculator.java] [INFO] SciCalculator [RESULT - POWER] - 32.0
21/03/2023:00:25:28 321 [SciCalculator.java] [INFO] SciCalculator [POWER] - 2.0, 5.0
21/03/2023:00:25:28 321 [SciCalculator.java] [INFO] SciCalculator [RESULT - POWER] - 32.0
21/03/2023:22:49:52 916 [SciCalculator.java] [INFO] SciCalculator [SQRT] - 49.0
21/03/2023:22:49:52 932 [SciCalculator.java] [INFO] SciCalculator [RESULT - SQRT] - 7.0
21/03/2023:22:50:02 233 [SciCalculator.java] [INFO] SciCalculator [FACTORIAL] - 5
21/03/2023:22:50:02 234 [SciCalculator.java] [INFO] SciCalculator [RESULT - FACTORIAL] - 120
21/03/2023:22:50:09 227 [SciCalculator.java] [INFO] SciCalculator [LOG] - 7.0
21/03/2023:22:50:09 228 [SciCalculator.java] [INFO] SciCalculator [RESULT - LOG] - 1.9459101490553132
21/03/2023:22:50:15 783 [SciCalculator.java] [INFO] SciCalculator [POWER] - 4.0, 3.0
21/03/2023:22:50:15 783 [SciCalculator.java] [INFO] SciCalculator [RESULT - POWER] - 64.0
25/03/2023:22:13:09 852 [SciCalculator.java] [INFO] SciCalculator [SQRT] - 25.0
25/03/2023:22:13:09 886 [SciCalculator.java] [INFO] SciCalculator [RESULT - SQRT] - 5.0
25/03/2023:22:13:09 895 [SciCalculator.java] [INFO] SciCalculator [SQRT] - 144.0
25/03/2023:22:13:09 895 [SciCalculator.java] [INFO] SciCalculator [RESULT - SQRT] - 12.0
25/03/2023:22:13:09 896 [SciCalculator.java] [ERROR] SciCalculator [FACTORIAL] - 5
25/03/2023:22:13:09 897 [SciCalculator.java] [ERROR] SciCalculator [RESULT - FACTORIAL] - 120
25/03/2023:22:13:09 901 [SciCalculator.java] [ERROR] SciCalculator [FACTORIAL] - -2 is not defined.
25/03/2023:22:13:09 902 [SciCalculator.java] [ERROR] SciCalculator [RESULT - FACTORIAL] - -1
25/03/2023:22:13:09 903 [SciCalculator.java] [INFO] SciCalculator [LOG] - 2.71828
25/03/2023:22:13:09 904 [SciCalculator.java] [INFO] SciCalculator [RESULT - LOG] - 0.999999327347282
25/03/2023:22:13:09 905 [SciCalculator.java] [INFO] SciCalculator [LOG] - 2.71828
25/03/2023:22:13:09 906 [SciCalculator.java] [INFO] SciCalculator [RESULT - LOG] - 0.999999327347282
25/03/2023:22:13:09 907 [SciCalculator.java] [INFO] SciCalculator [POWER] - 2.0, 5.0
25/03/2023:22:13:09 907 [SciCalculator.java] [INFO] SciCalculator [RESULT - POWER] - 32.0
25/03/2023:22:13:09 908 [SciCalculator.java] [INFO] SciCalculator [POWER] - 2.0, 5.0
25/03/2023:22:13:09 908 [SciCalculator.java] [INFO] SciCalculator [RESULT - POWER] - 32.0
25/03/2023:22:13:09 909 [SciCalculator.java] [INFO] SciCalculator [POWER] - 2.0, 5.0
25/03/2023:22:13:09 909 [SciCalculator.java] [INFO] SciCalculator [RESULT - POWER] - 32.0
25/03/2023:22:38:23 459 [SciCalculator.java] [INFO] SciCalculator [SQRT] - 25.0
25/03/2023:22:38:23 496 [SciCalculator.java] [INFO] SciCalculator [RESULT - SQRT] - 5.0
25/03/2023:22:38:23 507 [SciCalculator.java] [INFO] SciCalculator [SQRT] - 144.0
25/03/2023:22:38:23 508 [SciCalculator.java] [INFO] SciCalculator [RESULT - SQRT] - 12.0
25/03/2023:22:38:23 509 [SciCalculator.java] [ERROR] SciCalculator [FACTORIAL] - 5
25/03/2023:22:38:23 510 [SciCalculator.java] [ERROR] SciCalculator [RESULT - FACTORIAL] - 120
25/03/2023:22:38:23 514 [SciCalculator.java] [ERROR] SciCalculator [FACTORIAL] - -2 is not defined.
25/03/2023:22:38:23 515 [SciCalculator.java] [ERROR] SciCalculator [RESULT - FACTORIAL] - -1
25/03/2023:22:38:23 516 [SciCalculator.java] [INFO] SciCalculator [LOG] - 2.71828
25/03/2023:22:38:23 517 [SciCalculator.java] [INFO] SciCalculator [RESULT - LOG] - 0.999999327347282
25/03/2023:22:38:23 518 [SciCalculator.java] [INFO] SciCalculator [LOG] - 2.71828
25/03/2023:22:38:23 518 [SciCalculator.java] [INFO] SciCalculator [RESULT - LOG] - 0.999999327347282
25/03/2023:22:38:23 519 [SciCalculator.java] [INFO] SciCalculator [POWER] - 2.0, 5.0
25/03/2023:22:38:23 520 [SciCalculator.java] [INFO] SciCalculator [RESULT - POWER] - 32.0
25/03/2023:22:38:23 521 [SciCalculator.java] [INFO] SciCalculator [POWER] - 2.0, 5.0
25/03/2023:22:38:23 521 [SciCalculator.java] [INFO] SciCalculator [RESULT - POWER] - 32.0
25/03/2023:22:38:23 522 [SciCalculator.java] [INFO] SciCalculator [POWER] - 2.0, 5.0
25/03/2023:22:38:23 522 [SciCalculator.java] [INFO] SciCalculator [RESULT - POWER] - 32.0
25/03/2023:22:40:49 654 [SciCalculator.java] [INFO] SciCalculator [SQRT] - 25.0
25/03/2023:22:40:49 673 [SciCalculator.java] [INFO] SciCalculator [RESULT - SQRT] - 5.0
25/03/2023:22:40:49 680 [SciCalculator.java] [INFO] SciCalculator [SQRT] - 144.0
25/03/2023:22:40:49 681 [SciCalculator.java] [INFO] SciCalculator [RESULT - SQRT] - 12.0
25/03/2023:22:40:49 682 [SciCalculator.java] [ERROR] SciCalculator [FACTORIAL] - 5
25/03/2023:22:40:49 682 [SciCalculator.java] [ERROR] SciCalculator [RESULT - FACTORIAL] - 120
25/03/2023:22:40:49 686 [SciCalculator.java] [ERROR] SciCalculator [FACTORIAL] - -2 is not defined.
25/03/2023:22:40:49 686 [SciCalculator.java] [ERROR] SciCalculator [RESULT - FACTORIAL] - -1
25/03/2023:22:40:49 687 [SciCalculator.java] [INFO] SciCalculator [LOG] - 2.71828
25/03/2023:22:40:49 688 [SciCalculator.java] [INFO] SciCalculator [RESULT - LOG] - 0.999999327347282
25/03/2023:22:40:49 689 [SciCalculator.java] [INFO] SciCalculator [LOG] - 2.71828
25/03/2023:22:40:49 689 [SciCalculator.java] [INFO] SciCalculator [RESULT - LOG] - 0.999999327347282
25/03/2023:22:40:49 690 [SciCalculator.java] [INFO] SciCalculator [POWER] - 2.0, 5.0
25/03/2023:22:40:49 690 [SciCalculator.java] [INFO] SciCalculator [RESULT - POWER] - 32.0
25/03/2023:22:40:49 691 [SciCalculator.java] [INFO] SciCalculator [POWER] - 2.0, 5.0
25/03/2023:22:40:49 691 [SciCalculator.java] [INFO] SciCalculator [RESULT - POWER] - 32.0
25/03/2023:22:40:49 692 [SciCalculator.java] [INFO] SciCalculator [POWER] - 2.0, 5.0
25/03/2023:22:40:49 692 [SciCalculator.java] [INFO] SciCalculator [RESULT - POWER] - 32.0
25/03/2023:22:48:46 060 [SciCalculator.java] [INFO] SciCalculator [SQRT] - 25.0
25/03/2023:22:48:46 078 [SciCalculator.java] [INFO] SciCalculator [RESULT - SQRT] - 5.0
25/03/2023:22:48:46 086 [SciCalculator.java] [INFO] SciCalculator [SQRT] - 144.0
25/03/2023:22:48:46 086 [SciCalculator.java] [INFO] SciCalculator [RESULT - SQRT] - 12.0
25/03/2023:22:48:46 087 [SciCalculator.java] [ERROR] SciCalculator [FACTORIAL] - 5
25/03/2023:22:48:46 087 [SciCalculator.java] [ERROR] SciCalculator [RESULT - FACTORIAL] - 120
25/03/2023:22:48:46 091 [SciCalculator.java] [ERROR] SciCalculator [FACTORIAL] - -2 is not defined.
25/03/2023:22:48:46 091 [SciCalculator.java] [ERROR] SciCalculator [RESULT - FACTORIAL] - -1
25/03/2023:22:48:46 092 [SciCalculator.java] [INFO] SciCalculator [LOG] - 2.71828
25/03/2023:22:48:46 093 [SciCalculator.java] [INFO] SciCalculator [RESULT - LOG] - 0.999999327347282
25/03/2023:22:48:46 094 [SciCalculator.java] [INFO] SciCalculator [LOG] - 2.71828
25/03/2023:22:48:46 094 [SciCalculator.java] [INFO] SciCalculator [RESULT - LOG] - 0.999999327347282
25/03/2023:22:48:46 094 [SciCalculator.java] [INFO] SciCalculator [POWER] - 2.0, 5.0
25/03/2023:22:48:46 095 [SciCalculator.java] [INFO] SciCalculator [RESULT - POWER] - 32.0
25/03/2023:22:48:46 096 [SciCalculator.java] [INFO] SciCalculator [POWER] - 2.0, 5.0
25/03/2023:22:48:46 096 [SciCalculator.java] [INFO] SciCalculator [RESULT - POWER] - 32.0
25/03/2023:22:48:46 096 [SciCalculator.java] [INFO] SciCalculator [POWER] - 2.0, 5.0
25/03/2023:22:48:46 097 [SciCalculator.java] [INFO] SciCalculator [RESULT - POWER] - 32.0
25/03/2023:23:09:07 989 [SciCalculator.java] [INFO] SciCalculator [SQRT] - 25.0
25/03/2023:23:09:08 008 [SciCalculator.java] [INFO] SciCalculator [RESULT - SQRT] - 5.0
25/03/2023:23:09:08 016 [SciCalculator.java] [INFO] SciCalculator [SQRT] - 144.0
25/03/2023:23:09:08 016 [SciCalculator.java] [INFO] SciCalculator [RESULT - SQRT] - 12.0
25/03/2023:23:09:08 017 [SciCalculator.java] [ERROR] SciCalculator [FACTORIAL] - 5
25/03/2023:23:09:08 018 [SciCalculator.java] [ERROR] SciCalculator [RESULT - FACTORIAL] - 120
25/03/2023:23:09:08 021 [SciCalculator.java] [ERROR] SciCalculator [FACTORIAL] - -2 is not defined.
25/03/2023:23:09:08 022 [SciCalculator.java] [ERROR] SciCalculator [RESULT - FACTORIAL] - -1
25/03/2023:23:09:08 022 [SciCalculator.java] [INFO] SciCalculator [LOG] - 2.71828
25/03/2023:23:09:08 023 [SciCalculator.java] [INFO] SciCalculator [RESULT - LOG] - 0.999999327347282
25/03/2023:23:09:08 024 [SciCalculator.java] [INFO] SciCalculator [LOG] - 2.71828
25/03/2023:23:09:08 024 [SciCalculator.java] [INFO] SciCalculator [RESULT - LOG] - 0.999999327347282
25/03/2023:23:09:08 025 [SciCalculator.java] [INFO] SciCalculator [POWER] - 2.0, 5.0
25/03/2023:23:09:08 025 [SciCalculator.java] [INFO] SciCalculator [RESULT - POWER] - 32.0
25/03/2023:23:09:08 026 [SciCalculator.java] [INFO] SciCalculator [POWER] - 2.0, 5.0
25/03/2023:23:09:08 026 [SciCalculator.java] [INFO] SciCalculator [RESULT - POWER] - 32.0
25/03/2023:23:09:08 027 [SciCalculator.java] [INFO] SciCalculator [POWER] - 2.0, 5.0
25/03/2023:23:09:08 027 [SciCalculator.java] [INFO] SciCalculator [RESULT - POWER] - 32.0
